#
# A fatal error has been detected by the Java Runtime Environment:
#
#  EXCEPTION_ACCESS_VIOLATION (0xc0000005) at pc=0x00007ff87b6e97c6, pid=8032, tid=8932
#
# JRE version: Java(TM) SE Runtime Environment 18.9 (11.0.12+8) (build 11.0.12+8-LTS-237)
# Java VM: Java HotSpot(TM) 64-Bit Server VM 18.9 (11.0.12+8-LTS-237, mixed mode, tiered, compressed oops, g1 gc, windows-amd64)
# Problematic frame:
# V  [jvm.dll+0x2f97c6]
#
# No core dump will be written. Minidumps are not enabled by default on client versions of Windows
#
# If you would like to submit a bug report, please visit:
#   https://bugreport.java.com/bugreport/crash.jsp
#

---------------  S U M M A R Y ------------

Command Line: -Xmx1536M -Dsbt.supershell=false -Didea.managed=true -Dfile.encoding=UTF-8 -Didea.installation.dir=E:\IntelliJ IDEA 2021.2.1 -Dsbt.log.noformat=true C:\Users\water\AppData\Roaming\JetBrains\IntelliJIdea2021.2\plugins\Scala\launcher\sbt-launch.jar early(addPluginSbtFile="""C:\Users\water\AppData\Local\Temp\idea8.sbt""") ; set ideaPort in Global := 57682 ; idea-shell

Host: Intel(R) Core(TM) i7-8750H CPU @ 2.20GHz, 12 cores, 15G,  Windows 10 , 64 bit Build 19041 (10.0.19041.1202)
Time: Fri Nov 12 21:18:12 2021 Eastern Standard Time elapsed time: 2.311374 seconds (0d 0h 0m 2s)

---------------  T H R E A D  ---------------

Current thread (0x0000023a68ee8800):  GCTaskThread "GC Thread#8" [stack: 0x0000006893500000,0x0000006893600000] [id=8932]

Stack: [0x0000006893500000,0x0000006893600000],  sp=0x00000068935ff2a0,  free space=1020k
Native frames: (J=compiled Java code, j=interpreted, Vv=VM code, C=native code)
V  [jvm.dll+0x2f97c6]
V  [jvm.dll+0x2d33bb]
V  [jvm.dll+0x2fa50b]
V  [jvm.dll+0x2d5a8e]
V  [jvm.dll+0x2d9c35]
V  [jvm.dll+0x77b840]
V  [jvm.dll+0x70f064]
V  [jvm.dll+0x616f66]
C  [ucrtbase.dll+0x21bb2]
C  [KERNEL32.DLL+0x17034]
C  [ntdll.dll+0x52651]


siginfo: EXCEPTION_ACCESS_VIOLATION (0xc0000005), reading address 0x0000000000000004


Register to memory mapping:

RIP=0x00007ff87b6e97c6 jvm.dll
RAX=0x0000000000000004 is an unknown value
RBX=
[error occurred during error reporting (printing register info), id 0xc0000005, EXCEPTION_ACCESS_VIOLATION (0xc0000005) at pc=0x00007ff87b578926]

Registers:
RAX=0x0000000000000004, RBX=0x00000000adfd1a90, RCX=0x0000023a64f02e70, RDX=0x0000000000000afa
RSP=0x00000068935ff2a0, RBP=0x0000023a69ea9ae0, RSI=0x0000023a69ea9ae0, RDI=0x0000000000000001
R8 =0x0000000000000005, R9 =0x00000001007fabe0, R10=0x00000000adfd1a90, R11=0x0000023a69ea9c50
R12=0x0000000000000000, R13=0x0000000000000005, R14=0x00000000afae0340, R15=0x0000000000000004
RIP=0x00007ff87b6e97c6, EFLAGS=0x0000000000010202

Top of Stack: (sp=0x00000068935ff2a0)
0x00000068935ff2a0:   00000000adfd1a01 0000023a69ea9ae0
0x00000068935ff2b0:   00000000adfd1a80 0000000000000080
0x00000068935ff2c0:   0000023a00000080 00007ff800000006
0x00000068935ff2d0:   0000000dadfc90b1 00007ff87b6c12d4
0x00000068935ff2e0:   0000023a69ea9ae0 0000000000000000
0x00000068935ff2f0:   0000023a4516f200 00000000000003d8
0x00000068935ff300:   0000023a6598b0b0 0000023a69ea9ae0
0x00000068935ff310:   00000068935ff480 00007ff87b6c33bb
0x00000068935ff320:   0000023a69ea9ae0 00000000adfc9cad
0x00000068935ff330:   000000000000000d 00000000adfd1a90
0x00000068935ff340:   0000023a4516f180 00007ff87b6ea50b
0x00000068935ff350:   0000000000000817 0000023a69ea9ae0
0x00000068935ff360:   00000000adfd19f0 000008b2000003ce
0x00000068935ff370:   000008b2000003cf 000003be0000080f
0x00000068935ff380:   0000000d000002b0 00007ff87b6c32ce
0x00000068935ff390:   0000023a44f40c50 0000000000000000 

Instructions: (pc=0x00007ff87b6e97c6)
0x00007ff87b6e97a6:   44 24 34 40 80 ff 01 75 2f 41 0f b6 c7 f6 d0 40
0x00007ff87b6e97b6:   84 c7 75 05 4d 8b e7 eb 0a 49 8b c7 48 83 e0 fd
0x00007ff87b6e97c6:   4c 8b 20 49 c1 ec 03 41 83 e4 0f 44 3b a5 6c 01
0x00007ff87b6e97d6:   00 00 73 04 b3 01 eb 0c 48 0f be c7 0f b6 9c 28 


Stack slot to memory mapping:
stack at sp + 0 slots: 
[error occurred during error reporting (inspecting top of stack), id 0xc0000005, EXCEPTION_ACCESS_VIOLATION (0xc0000005) at pc=0x00007ff87b578926]


---------------  P R O C E S S  ---------------

Threads class SMR info:
_java_thread_list=0x0000023a69772ec0, length=22, elements={
0x0000023a45158800, 0x0000023a658dd000, 0x0000023a658de000, 0x0000023a65950000,
0x0000023a65952000, 0x0000023a65954800, 0x0000023a6595c000, 0x0000023a65966000,
0x0000023a6597a800, 0x0000023a65af3800, 0x0000023a65963800, 0x0000023a663bc800,
0x0000023a65ca7800, 0x0000023a66013800, 0x0000023a66014800, 0x0000023a66444000,
0x0000023a66f09000, 0x0000023a65961000, 0x0000023a6b9f6800, 0x0000023a6b5c3800,
0x0000023a6be74800, 0x0000023a65960000
}

Java Threads: ( => current thread )
  0x0000023a45158800 JavaThread "main" [_thread_blocked, id=13556, stack(0x0000006891600000,0x0000006891700000)]
  0x0000023a658dd000 JavaThread "Reference Handler" daemon [_thread_blocked, id=12696, stack(0x0000006891d00000,0x0000006891e00000)]
  0x0000023a658de000 JavaThread "Finalizer" daemon [_thread_blocked, id=14100, stack(0x0000006891e00000,0x0000006891f00000)]
  0x0000023a65950000 JavaThread "Signal Dispatcher" daemon [_thread_blocked, id=21092, stack(0x0000006891f00000,0x0000006892000000)]
  0x0000023a65952000 JavaThread "Attach Listener" daemon [_thread_blocked, id=3856, stack(0x0000006892000000,0x0000006892100000)]
  0x0000023a65954800 JavaThread "Service Thread" daemon [_thread_blocked, id=5804, stack(0x0000006892100000,0x0000006892200000)]
  0x0000023a6595c000 JavaThread "C2 CompilerThread0" daemon [_thread_blocked, id=11504, stack(0x0000006892200000,0x0000006892300000)]
  0x0000023a65966000 JavaThread "C1 CompilerThread0" daemon [_thread_blocked, id=9920, stack(0x0000006892300000,0x0000006892400000)]
  0x0000023a6597a800 JavaThread "Sweeper thread" daemon [_thread_blocked, id=15940, stack(0x0000006892400000,0x0000006892500000)]
  0x0000023a65af3800 JavaThread "Common-Cleaner" daemon [_thread_blocked, id=15804, stack(0x0000006892600000,0x0000006892700000)]
  0x0000023a65963800 JavaThread "C2 CompilerThread1" daemon [_thread_in_native, id=3152, stack(0x0000006892700000,0x0000006892800000)]
  0x0000023a663bc800 JavaThread "pool-1-thread-1" [_thread_blocked, id=9164, stack(0x0000006892d00000,0x0000006892e00000)]
  0x0000023a65ca7800 JavaThread "pool-1-thread-2" [_thread_blocked, id=12584, stack(0x0000006892e00000,0x0000006892f00000)]
  0x0000023a66013800 JavaThread "pool-1-thread-3" [_thread_blocked, id=23684, stack(0x0000006892f00000,0x0000006893000000)]
  0x0000023a66014800 JavaThread "pool-1-thread-4" [_thread_blocked, id=12092, stack(0x0000006893000000,0x0000006893100000)]
  0x0000023a66444000 JavaThread "pool-1-thread-5" [_thread_blocked, id=11988, stack(0x0000006893100000,0x0000006893200000)]
  0x0000023a66f09000 JavaThread "sbt-parser-init-thread" daemon [_thread_blocked, id=1632, stack(0x0000006893200000,0x0000006893300000)]
  0x0000023a65961000 JavaThread "C2 CompilerThread2" daemon [_thread_in_native, id=22256, stack(0x0000006893900000,0x0000006893a00000)]
  0x0000023a6b9f6800 JavaThread "boot-server-socket-thread-1" [_thread_in_native, id=20600, stack(0x0000006893a00000,0x0000006893b00000)]
  0x0000023a6b5c3800 JavaThread "sbt-console-input-reader" [_thread_blocked, id=10256, stack(0x0000006893b00000,0x0000006893c00000)]
  0x0000023a6be74800 JavaThread "classloader-cache-cleanup-0" daemon [_thread_blocked, id=18456, stack(0x0000006893c00000,0x0000006893d00000)]
  0x0000023a65960000 JavaThread "sbt-command-exchange-fastTrack" daemon [_thread_blocked, id=7544, stack(0x0000006893d00000,0x0000006893e00000)]

Other Threads:
  0x0000023a658da800 VMThread "VM Thread" [stack: 0x0000006891c00000,0x0000006891d00000] [id=16448]
  0x0000023a65af2000 WatcherThread [stack: 0x0000006892500000,0x0000006892600000] [id=21148]
  0x0000023a4516d000 GCTaskThread "GC Thread#0" [stack: 0x0000006891700000,0x0000006891800000] [id=1172]
  0x0000023a662c9800 GCTaskThread "GC Thread#1" [stack: 0x0000006892800000,0x0000006892900000] [id=17008]
  0x0000023a663be800 GCTaskThread "GC Thread#2" [stack: 0x0000006892900000,0x0000006892a00000] [id=6000]
  0x0000023a663bf800 GCTaskThread "GC Thread#3" [stack: 0x0000006892a00000,0x0000006892b00000] [id=2376]
  0x0000023a661f3000 GCTaskThread "GC Thread#4" [stack: 0x0000006892b00000,0x0000006892c00000] [id=8820]
  0x0000023a661f4000 GCTaskThread "GC Thread#5" [stack: 0x0000006892c00000,0x0000006892d00000] [id=13372]
  0x0000023a68e8e800 GCTaskThread "GC Thread#6" [stack: 0x0000006893300000,0x0000006893400000] [id=16484]
  0x0000023a68e8f000 GCTaskThread "GC Thread#7" [stack: 0x0000006893400000,0x0000006893500000] [id=23284]
=>0x0000023a68ee8800 GCTaskThread "GC Thread#8" [stack: 0x0000006893500000,0x0000006893600000] [id=8932]
  0x0000023a68ee9000 GCTaskThread "GC Thread#9" [stack: 0x0000006893600000,0x0000006893700000] [id=8944]
  0x0000023a45193000 ConcurrentGCThread "G1 Main Marker" [stack: 0x0000006891800000,0x0000006891900000] [id=11580]
  0x0000023a45195800 ConcurrentGCThread "G1 Conc#0" [stack: 0x0000006891900000,0x0000006891a00000] [id=20924]
  0x0000023a663c8000 ConcurrentGCThread "G1 Conc#1" [stack: 0x0000006893700000,0x0000006893800000] [id=13852]
  0x0000023a68e6f000 ConcurrentGCThread "G1 Conc#2" [stack: 0x0000006893800000,0x0000006893900000] [id=12572]
  0x0000023a4523e800 ConcurrentGCThread "G1 Refine#0" [stack: 0x0000006891a00000,0x0000006891b00000] [id=18816]
  0x0000023a64f17000 ConcurrentGCThread "G1 Young RemSet Sampling" [stack: 0x0000006891b00000,0x0000006891c00000] [id=22472]

Threads with active compile tasks:
C2 CompilerThread1   2358 2715       4       java.net.URLClassLoader$1::run (5 bytes)
C2 CompilerThread2   2358 2716   !   4       java.net.URLClassLoader$1::run (63 bytes)

VM state:at safepoint (normal execution)

VM Mutex/Monitor currently owned by a thread:  ([mutex/lock_event])
[0x0000023a45154720] Threads_lock - owner thread: 0x0000023a658da800
[0x0000023a45153c70] Heap_lock - owner thread: 0x0000023a66f09000

Heap address: 0x00000000a0000000, size: 1536 MB, Compressed Oops mode: 32-bit
Narrow klass base: 0x0000000000000000, Narrow klass shift: 3
Compressed class space size: 1073741824 Address: 0x0000000100000000

Heap:
 garbage-first heap   total 260096K, used 40469K [0x00000000a0000000, 0x0000000100000000)
  region size 1024K, 32 young (32768K), 9 survivors (9216K)
 Metaspace       used 57858K, capacity 60669K, committed 60800K, reserved 1099776K
  class space    used 8087K, capacity 9638K, committed 9728K, reserved 1048576K
Heap Regions: E=young(eden), S=young(survivor), O=old, HS=humongous(starts), HC=humongous(continues), CS=collection set, F=free, A=archive, TAMS=top-at-mark-start (previous, next)
|   0|0x00000000a0000000, 0x00000000a0100000, 0x00000000a0100000|100%| O|  |TAMS 0x00000000a00b9200, 0x00000000a0100000| Untracked 
|   1|0x00000000a0100000, 0x00000000a0200000, 0x00000000a0200000|100%| O|  |TAMS 0x00000000a0100000, 0x00000000a0200000| Untracked 
|   2|0x00000000a0200000, 0x00000000a0300000, 0x00000000a0300000|100%| O|  |TAMS 0x00000000a0200000, 0x00000000a0300000| Untracked 
|   3|0x00000000a0300000, 0x00000000a0400000, 0x00000000a0400000|100%| O|  |TAMS 0x00000000a0300000, 0x00000000a0400000| Untracked 
|   4|0x00000000a0400000, 0x00000000a0500000, 0x00000000a0500000|100%| O|  |TAMS 0x00000000a0400000, 0x00000000a0500000| Untracked 
|   5|0x00000000a0500000, 0x00000000a0600000, 0x00000000a0600000|100%| O|  |TAMS 0x00000000a0500000, 0x00000000a0600000| Untracked 
|   6|0x00000000a0600000, 0x00000000a0700000, 0x00000000a0700000|100%| O|  |TAMS 0x00000000a0600000, 0x00000000a0700000| Untracked 
|   7|0x00000000a0700000, 0x00000000a0800000, 0x00000000a0800000|100%| O|  |TAMS 0x00000000a0700000, 0x00000000a0800000| Untracked 
|   8|0x00000000a0800000, 0x00000000a0900000, 0x00000000a0900000|100%| O|  |TAMS 0x00000000a0800000, 0x00000000a0900000| Untracked 
|   9|0x00000000a0900000, 0x00000000a096d6f0, 0x00000000a0a00000| 42%| O|  |TAMS 0x00000000a0900000, 0x00000000a0a00000| Untracked 
|  10|0x00000000a0a00000, 0x00000000a0a00000, 0x00000000a0b00000|  0%| F|  |TAMS 0x00000000a0a00000, 0x00000000a0a00000| Untracked 
|  11|0x00000000a0b00000, 0x00000000a0b00000, 0x00000000a0c00000|  0%| F|  |TAMS 0x00000000a0b00000, 0x00000000a0b00000| Untracked 
|  12|0x00000000a0c00000, 0x00000000a0c00000, 0x00000000a0d00000|  0%| F|  |TAMS 0x00000000a0c00000, 0x00000000a0c00000| Untracked 
|  13|0x00000000a0d00000, 0x00000000a0d00000, 0x00000000a0e00000|  0%| F|  |TAMS 0x00000000a0d00000, 0x00000000a0d00000| Untracked 
|  14|0x00000000a0e00000, 0x00000000a0e00000, 0x00000000a0f00000|  0%| F|  |TAMS 0x00000000a0e00000, 0x00000000a0e00000| Untracked 
|  15|0x00000000a0f00000, 0x00000000a0f00000, 0x00000000a1000000|  0%| F|  |TAMS 0x00000000a0f00000, 0x00000000a0f00000| Untracked 
|  16|0x00000000a1000000, 0x00000000a1000000, 0x00000000a1100000|  0%| F|  |TAMS 0x00000000a1000000, 0x00000000a1000000| Untracked 
|  17|0x00000000a1100000, 0x00000000a1100000, 0x00000000a1200000|  0%| F|  |TAMS 0x00000000a1100000, 0x00000000a1100000| Untracked 
|  18|0x00000000a1200000, 0x00000000a1200000, 0x00000000a1300000|  0%| F|  |TAMS 0x00000000a1200000, 0x00000000a1200000| Untracked 
|  19|0x00000000a1300000, 0x00000000a1300000, 0x00000000a1400000|  0%| F|  |TAMS 0x00000000a1300000, 0x00000000a1300000| Untracked 
|  20|0x00000000a1400000, 0x00000000a1400000, 0x00000000a1500000|  0%| F|  |TAMS 0x00000000a1400000, 0x00000000a1400000| Untracked 
|  21|0x00000000a1500000, 0x00000000a1500000, 0x00000000a1600000|  0%| F|  |TAMS 0x00000000a1500000, 0x00000000a1500000| Untracked 
|  22|0x00000000a1600000, 0x00000000a1600000, 0x00000000a1700000|  0%| F|  |TAMS 0x00000000a1600000, 0x00000000a1600000| Untracked 
|  23|0x00000000a1700000, 0x00000000a1700000, 0x00000000a1800000|  0%| F|  |TAMS 0x00000000a1700000, 0x00000000a1700000| Untracked 
|  24|0x00000000a1800000, 0x00000000a1800000, 0x00000000a1900000|  0%| F|  |TAMS 0x00000000a1800000, 0x00000000a1800000| Untracked 
|  25|0x00000000a1900000, 0x00000000a1900000, 0x00000000a1a00000|  0%| F|  |TAMS 0x00000000a1900000, 0x00000000a1900000| Untracked 
|  26|0x00000000a1a00000, 0x00000000a1a00000, 0x00000000a1b00000|  0%| F|  |TAMS 0x00000000a1a00000, 0x00000000a1a00000| Untracked 
|  27|0x00000000a1b00000, 0x00000000a1b00000, 0x00000000a1c00000|  0%| F|  |TAMS 0x00000000a1b00000, 0x00000000a1b00000| Untracked 
|  28|0x00000000a1c00000, 0x00000000a1c00000, 0x00000000a1d00000|  0%| F|  |TAMS 0x00000000a1c00000, 0x00000000a1c00000| Untracked 
|  29|0x00000000a1d00000, 0x00000000a1d00000, 0x00000000a1e00000|  0%| F|  |TAMS 0x00000000a1d00000, 0x00000000a1d00000| Untracked 
|  30|0x00000000a1e00000, 0x00000000a1e00000, 0x00000000a1f00000|  0%| F|  |TAMS 0x00000000a1e00000, 0x00000000a1e00000| Untracked 
|  31|0x00000000a1f00000, 0x00000000a1f00000, 0x00000000a2000000|  0%| F|  |TAMS 0x00000000a1f00000, 0x00000000a1f00000| Untracked 
|  32|0x00000000a2000000, 0x00000000a2000000, 0x00000000a2100000|  0%| F|  |TAMS 0x00000000a2000000, 0x00000000a2000000| Untracked 
|  33|0x00000000a2100000, 0x00000000a2100000, 0x00000000a2200000|  0%| F|  |TAMS 0x00000000a2100000, 0x00000000a2100000| Untracked 
|  34|0x00000000a2200000, 0x00000000a2200000, 0x00000000a2300000|  0%| F|  |TAMS 0x00000000a2200000, 0x00000000a2200000| Untracked 
|  35|0x00000000a2300000, 0x00000000a2300000, 0x00000000a2400000|  0%| F|  |TAMS 0x00000000a2300000, 0x00000000a2300000| Untracked 
|  36|0x00000000a2400000, 0x00000000a2400000, 0x00000000a2500000|  0%| F|  |TAMS 0x00000000a2400000, 0x00000000a2400000| Untracked 
|  37|0x00000000a2500000, 0x00000000a2500000, 0x00000000a2600000|  0%| F|  |TAMS 0x00000000a2500000, 0x00000000a2500000| Untracked 
|  38|0x00000000a2600000, 0x00000000a2600000, 0x00000000a2700000|  0%| F|  |TAMS 0x00000000a2600000, 0x00000000a2600000| Untracked 
|  39|0x00000000a2700000, 0x00000000a2700000, 0x00000000a2800000|  0%| F|  |TAMS 0x00000000a2700000, 0x00000000a2700000| Untracked 
|  40|0x00000000a2800000, 0x00000000a2800000, 0x00000000a2900000|  0%| F|  |TAMS 0x00000000a2800000, 0x00000000a2800000| Untracked 
|  41|0x00000000a2900000, 0x00000000a2900000, 0x00000000a2a00000|  0%| F|  |TAMS 0x00000000a2900000, 0x00000000a2900000| Untracked 
|  42|0x00000000a2a00000, 0x00000000a2a00000, 0x00000000a2b00000|  0%| F|  |TAMS 0x00000000a2a00000, 0x00000000a2a00000| Untracked 
|  43|0x00000000a2b00000, 0x00000000a2b00000, 0x00000000a2c00000|  0%| F|  |TAMS 0x00000000a2b00000, 0x00000000a2b00000| Untracked 
|  44|0x00000000a2c00000, 0x00000000a2c00000, 0x00000000a2d00000|  0%| F|  |TAMS 0x00000000a2c00000, 0x00000000a2c00000| Untracked 
|  45|0x00000000a2d00000, 0x00000000a2d00000, 0x00000000a2e00000|  0%| F|  |TAMS 0x00000000a2d00000, 0x00000000a2d00000| Untracked 
|  46|0x00000000a2e00000, 0x00000000a2e00000, 0x00000000a2f00000|  0%| F|  |TAMS 0x00000000a2e00000, 0x00000000a2e00000| Untracked 
|  47|0x00000000a2f00000, 0x00000000a2f00000, 0x00000000a3000000|  0%| F|  |TAMS 0x00000000a2f00000, 0x00000000a2f00000| Untracked 
|  48|0x00000000a3000000, 0x00000000a3000000, 0x00000000a3100000|  0%| F|  |TAMS 0x00000000a3000000, 0x00000000a3000000| Untracked 
|  49|0x00000000a3100000, 0x00000000a3100000, 0x00000000a3200000|  0%| F|  |TAMS 0x00000000a3100000, 0x00000000a3100000| Untracked 
|  50|0x00000000a3200000, 0x00000000a3200000, 0x00000000a3300000|  0%| F|  |TAMS 0x00000000a3200000, 0x00000000a3200000| Untracked 
|  51|0x00000000a3300000, 0x00000000a3300000, 0x00000000a3400000|  0%| F|  |TAMS 0x00000000a3300000, 0x00000000a3300000| Untracked 
|  52|0x00000000a3400000, 0x00000000a3400000, 0x00000000a3500000|  0%| F|  |TAMS 0x00000000a3400000, 0x00000000a3400000| Untracked 
|  53|0x00000000a3500000, 0x00000000a3500000, 0x00000000a3600000|  0%| F|  |TAMS 0x00000000a3500000, 0x00000000a3500000| Untracked 
|  54|0x00000000a3600000, 0x00000000a3600000, 0x00000000a3700000|  0%| F|  |TAMS 0x00000000a3600000, 0x00000000a3600000| Untracked 
|  55|0x00000000a3700000, 0x00000000a3700000, 0x00000000a3800000|  0%| F|  |TAMS 0x00000000a3700000, 0x00000000a3700000| Untracked 
|  56|0x00000000a3800000, 0x00000000a3800000, 0x00000000a3900000|  0%| F|  |TAMS 0x00000000a3800000, 0x00000000a3800000| Untracked 
|  57|0x00000000a3900000, 0x00000000a3900000, 0x00000000a3a00000|  0%| F|  |TAMS 0x00000000a3900000, 0x00000000a3900000| Untracked 
|  58|0x00000000a3a00000, 0x00000000a3a00000, 0x00000000a3b00000|  0%| F|  |TAMS 0x00000000a3a00000, 0x00000000a3a00000| Untracked 
|  59|0x00000000a3b00000, 0x00000000a3b00000, 0x00000000a3c00000|  0%| F|  |TAMS 0x00000000a3b00000, 0x00000000a3b00000| Untracked 
|  60|0x00000000a3c00000, 0x00000000a3c00000, 0x00000000a3d00000|  0%| F|  |TAMS 0x00000000a3c00000, 0x00000000a3c00000| Untracked 
|  61|0x00000000a3d00000, 0x00000000a3d00000, 0x00000000a3e00000|  0%| F|  |TAMS 0x00000000a3d00000, 0x00000000a3d00000| Untracked 
|  62|0x00000000a3e00000, 0x00000000a3e00000, 0x00000000a3f00000|  0%| F|  |TAMS 0x00000000a3e00000, 0x00000000a3e00000| Untracked 
|  63|0x00000000a3f00000, 0x00000000a3f00000, 0x00000000a4000000|  0%| F|  |TAMS 0x00000000a3f00000, 0x00000000a3f00000| Untracked 
|  64|0x00000000a4000000, 0x00000000a4000000, 0x00000000a4100000|  0%| F|  |TAMS 0x00000000a4000000, 0x00000000a4000000| Untracked 
|  65|0x00000000a4100000, 0x00000000a4100000, 0x00000000a4200000|  0%| F|  |TAMS 0x00000000a4100000, 0x00000000a4100000| Untracked 
|  66|0x00000000a4200000, 0x00000000a4200000, 0x00000000a4300000|  0%| F|  |TAMS 0x00000000a4200000, 0x00000000a4200000| Untracked 
|  67|0x00000000a4300000, 0x00000000a4300000, 0x00000000a4400000|  0%| F|  |TAMS 0x00000000a4300000, 0x00000000a4300000| Untracked 
|  68|0x00000000a4400000, 0x00000000a4400000, 0x00000000a4500000|  0%| F|  |TAMS 0x00000000a4400000, 0x00000000a4400000| Untracked 
|  69|0x00000000a4500000, 0x00000000a4500000, 0x00000000a4600000|  0%| F|  |TAMS 0x00000000a4500000, 0x00000000a4500000| Untracked 
|  70|0x00000000a4600000, 0x00000000a4600000, 0x00000000a4700000|  0%| F|  |TAMS 0x00000000a4600000, 0x00000000a4600000| Untracked 
|  71|0x00000000a4700000, 0x00000000a4700000, 0x00000000a4800000|  0%| F|  |TAMS 0x00000000a4700000, 0x00000000a4700000| Untracked 
|  72|0x00000000a4800000, 0x00000000a4800000, 0x00000000a4900000|  0%| F|  |TAMS 0x00000000a4800000, 0x00000000a4800000| Untracked 
|  73|0x00000000a4900000, 0x00000000a4900000, 0x00000000a4a00000|  0%| F|  |TAMS 0x00000000a4900000, 0x00000000a4900000| Untracked 
|  74|0x00000000a4a00000, 0x00000000a4a00000, 0x00000000a4b00000|  0%| F|  |TAMS 0x00000000a4a00000, 0x00000000a4a00000| Untracked 
|  75|0x00000000a4b00000, 0x00000000a4b00000, 0x00000000a4c00000|  0%| F|  |TAMS 0x00000000a4b00000, 0x00000000a4b00000| Untracked 
|  76|0x00000000a4c00000, 0x00000000a4c00000, 0x00000000a4d00000|  0%| F|  |TAMS 0x00000000a4c00000, 0x00000000a4c00000| Untracked 
|  77|0x00000000a4d00000, 0x00000000a4d00000, 0x00000000a4e00000|  0%| F|  |TAMS 0x00000000a4d00000, 0x00000000a4d00000| Untracked 
|  78|0x00000000a4e00000, 0x00000000a4e00000, 0x00000000a4f00000|  0%| F|  |TAMS 0x00000000a4e00000, 0x00000000a4e00000| Untracked 
|  79|0x00000000a4f00000, 0x00000000a4f00000, 0x00000000a5000000|  0%| F|  |TAMS 0x00000000a4f00000, 0x00000000a4f00000| Untracked 
|  80|0x00000000a5000000, 0x00000000a5000000, 0x00000000a5100000|  0%| F|  |TAMS 0x00000000a5000000, 0x00000000a5000000| Untracked 
|  81|0x00000000a5100000, 0x00000000a5100000, 0x00000000a5200000|  0%| F|  |TAMS 0x00000000a5100000, 0x00000000a5100000| Untracked 
|  82|0x00000000a5200000, 0x00000000a5200000, 0x00000000a5300000|  0%| F|  |TAMS 0x00000000a5200000, 0x00000000a5200000| Untracked 
|  83|0x00000000a5300000, 0x00000000a5300000, 0x00000000a5400000|  0%| F|  |TAMS 0x00000000a5300000, 0x00000000a5300000| Untracked 
|  84|0x00000000a5400000, 0x00000000a5400000, 0x00000000a5500000|  0%| F|  |TAMS 0x00000000a5400000, 0x00000000a5400000| Untracked 
|  85|0x00000000a5500000, 0x00000000a5500000, 0x00000000a5600000|  0%| F|  |TAMS 0x00000000a5500000, 0x00000000a5500000| Untracked 
|  86|0x00000000a5600000, 0x00000000a5600000, 0x00000000a5700000|  0%| F|  |TAMS 0x00000000a5600000, 0x00000000a5600000| Untracked 
|  87|0x00000000a5700000, 0x00000000a5700000, 0x00000000a5800000|  0%| F|  |TAMS 0x00000000a5700000, 0x00000000a5700000| Untracked 
|  88|0x00000000a5800000, 0x00000000a5800000, 0x00000000a5900000|  0%| F|  |TAMS 0x00000000a5800000, 0x00000000a5800000| Untracked 
|  89|0x00000000a5900000, 0x00000000a5900000, 0x00000000a5a00000|  0%| F|  |TAMS 0x00000000a5900000, 0x00000000a5900000| Untracked 
|  90|0x00000000a5a00000, 0x00000000a5a00000, 0x00000000a5b00000|  0%| F|  |TAMS 0x00000000a5a00000, 0x00000000a5a00000| Untracked 
|  91|0x00000000a5b00000, 0x00000000a5b00000, 0x00000000a5c00000|  0%| F|  |TAMS 0x00000000a5b00000, 0x00000000a5b00000| Untracked 
|  92|0x00000000a5c00000, 0x00000000a5c00000, 0x00000000a5d00000|  0%| F|  |TAMS 0x00000000a5c00000, 0x00000000a5c00000| Untracked 
|  93|0x00000000a5d00000, 0x00000000a5d00000, 0x00000000a5e00000|  0%| F|  |TAMS 0x00000000a5d00000, 0x00000000a5d00000| Untracked 
|  94|0x00000000a5e00000, 0x00000000a5e00000, 0x00000000a5f00000|  0%| F|  |TAMS 0x00000000a5e00000, 0x00000000a5e00000| Untracked 
|  95|0x00000000a5f00000, 0x00000000a5f00000, 0x00000000a6000000|  0%| F|  |TAMS 0x00000000a5f00000, 0x00000000a5f00000| Untracked 
|  96|0x00000000a6000000, 0x00000000a6000000, 0x00000000a6100000|  0%| F|  |TAMS 0x00000000a6000000, 0x00000000a6000000| Untracked 
|  97|0x00000000a6100000, 0x00000000a6100000, 0x00000000a6200000|  0%| F|  |TAMS 0x00000000a6100000, 0x00000000a6100000| Untracked 
|  98|0x00000000a6200000, 0x00000000a6200000, 0x00000000a6300000|  0%| F|  |TAMS 0x00000000a6200000, 0x00000000a6200000| Untracked 
|  99|0x00000000a6300000, 0x00000000a6300000, 0x00000000a6400000|  0%| F|  |TAMS 0x00000000a6300000, 0x00000000a6300000| Untracked 
| 100|0x00000000a6400000, 0x00000000a6400000, 0x00000000a6500000|  0%| F|  |TAMS 0x00000000a6400000, 0x00000000a6400000| Untracked 
| 101|0x00000000a6500000, 0x00000000a6500000, 0x00000000a6600000|  0%| F|  |TAMS 0x00000000a6500000, 0x00000000a6500000| Untracked 
| 102|0x00000000a6600000, 0x00000000a6600000, 0x00000000a6700000|  0%| F|  |TAMS 0x00000000a6600000, 0x00000000a6600000| Untracked 
| 103|0x00000000a6700000, 0x00000000a6700000, 0x00000000a6800000|  0%| F|  |TAMS 0x00000000a6700000, 0x00000000a6700000| Untracked 
| 104|0x00000000a6800000, 0x00000000a6800000, 0x00000000a6900000|  0%| F|  |TAMS 0x00000000a6800000, 0x00000000a6800000| Untracked 
| 105|0x00000000a6900000, 0x00000000a6900000, 0x00000000a6a00000|  0%| F|  |TAMS 0x00000000a6900000, 0x00000000a6900000| Untracked 
| 106|0x00000000a6a00000, 0x00000000a6a00000, 0x00000000a6b00000|  0%| F|  |TAMS 0x00000000a6a00000, 0x00000000a6a00000| Untracked 
| 107|0x00000000a6b00000, 0x00000000a6b00000, 0x00000000a6c00000|  0%| F|  |TAMS 0x00000000a6b00000, 0x00000000a6b00000| Untracked 
| 108|0x00000000a6c00000, 0x00000000a6c00000, 0x00000000a6d00000|  0%| F|  |TAMS 0x00000000a6c00000, 0x00000000a6c00000| Untracked 
| 109|0x00000000a6d00000, 0x00000000a6d00000, 0x00000000a6e00000|  0%| F|  |TAMS 0x00000000a6d00000, 0x00000000a6d00000| Untracked 
| 110|0x00000000a6e00000, 0x00000000a6e00000, 0x00000000a6f00000|  0%| F|  |TAMS 0x00000000a6e00000, 0x00000000a6e00000| Untracked 
| 111|0x00000000a6f00000, 0x00000000a6f00000, 0x00000000a7000000|  0%| F|  |TAMS 0x00000000a6f00000, 0x00000000a6f00000| Untracked 
| 112|0x00000000a7000000, 0x00000000a7000000, 0x00000000a7100000|  0%| F|  |TAMS 0x00000000a7000000, 0x00000000a7000000| Untracked 
| 113|0x00000000a7100000, 0x00000000a7100000, 0x00000000a7200000|  0%| F|  |TAMS 0x00000000a7100000, 0x00000000a7100000| Untracked 
| 114|0x00000000a7200000, 0x00000000a7200000, 0x00000000a7300000|  0%| F|  |TAMS 0x00000000a7200000, 0x00000000a7200000| Untracked 
| 115|0x00000000a7300000, 0x00000000a7300000, 0x00000000a7400000|  0%| F|  |TAMS 0x00000000a7300000, 0x00000000a7300000| Untracked 
| 116|0x00000000a7400000, 0x00000000a7400000, 0x00000000a7500000|  0%| F|  |TAMS 0x00000000a7400000, 0x00000000a7400000| Untracked 
| 117|0x00000000a7500000, 0x00000000a7500000, 0x00000000a7600000|  0%| F|  |TAMS 0x00000000a7500000, 0x00000000a7500000| Untracked 
| 118|0x00000000a7600000, 0x00000000a7600000, 0x00000000a7700000|  0%| F|  |TAMS 0x00000000a7600000, 0x00000000a7600000| Untracked 
| 119|0x00000000a7700000, 0x00000000a7700000, 0x00000000a7800000|  0%| F|  |TAMS 0x00000000a7700000, 0x00000000a7700000| Untracked 
| 120|0x00000000a7800000, 0x00000000a7800000, 0x00000000a7900000|  0%| F|  |TAMS 0x00000000a7800000, 0x00000000a7800000| Untracked 
| 121|0x00000000a7900000, 0x00000000a7900000, 0x00000000a7a00000|  0%| F|  |TAMS 0x00000000a7900000, 0x00000000a7900000| Untracked 
| 122|0x00000000a7a00000, 0x00000000a7a00000, 0x00000000a7b00000|  0%| F|  |TAMS 0x00000000a7a00000, 0x00000000a7a00000| Untracked 
| 123|0x00000000a7b00000, 0x00000000a7b00000, 0x00000000a7c00000|  0%| F|  |TAMS 0x00000000a7b00000, 0x00000000a7b00000| Untracked 
| 124|0x00000000a7c00000, 0x00000000a7c00000, 0x00000000a7d00000|  0%| F|  |TAMS 0x00000000a7c00000, 0x00000000a7c00000| Untracked 
| 125|0x00000000a7d00000, 0x00000000a7d00000, 0x00000000a7e00000|  0%| F|  |TAMS 0x00000000a7d00000, 0x00000000a7d00000| Untracked 
| 126|0x00000000a7e00000, 0x00000000a7e00000, 0x00000000a7f00000|  0%| F|  |TAMS 0x00000000a7e00000, 0x00000000a7e00000| Untracked 
| 127|0x00000000a7f00000, 0x00000000a7f00000, 0x00000000a8000000|  0%| F|  |TAMS 0x00000000a7f00000, 0x00000000a7f00000| Untracked 
| 128|0x00000000a8000000, 0x00000000a8000000, 0x00000000a8100000|  0%| F|  |TAMS 0x00000000a8000000, 0x00000000a8000000| Untracked 
| 129|0x00000000a8100000, 0x00000000a8100000, 0x00000000a8200000|  0%| F|  |TAMS 0x00000000a8100000, 0x00000000a8100000| Untracked 
| 130|0x00000000a8200000, 0x00000000a8200000, 0x00000000a8300000|  0%| F|  |TAMS 0x00000000a8200000, 0x00000000a8200000| Untracked 
| 131|0x00000000a8300000, 0x00000000a8300000, 0x00000000a8400000|  0%| F|  |TAMS 0x00000000a8300000, 0x00000000a8300000| Untracked 
| 132|0x00000000a8400000, 0x00000000a8400000, 0x00000000a8500000|  0%| F|  |TAMS 0x00000000a8400000, 0x00000000a8400000| Untracked 
| 133|0x00000000a8500000, 0x00000000a8500000, 0x00000000a8600000|  0%| F|  |TAMS 0x00000000a8500000, 0x00000000a8500000| Untracked 
| 134|0x00000000a8600000, 0x00000000a8600000, 0x00000000a8700000|  0%| F|  |TAMS 0x00000000a8600000, 0x00000000a8600000| Untracked 
| 135|0x00000000a8700000, 0x00000000a8700000, 0x00000000a8800000|  0%| F|  |TAMS 0x00000000a8700000, 0x00000000a8700000| Untracked 
| 136|0x00000000a8800000, 0x00000000a8800000, 0x00000000a8900000|  0%| F|  |TAMS 0x00000000a8800000, 0x00000000a8800000| Untracked 
| 137|0x00000000a8900000, 0x00000000a8900000, 0x00000000a8a00000|  0%| F|  |TAMS 0x00000000a8900000, 0x00000000a8900000| Untracked 
| 138|0x00000000a8a00000, 0x00000000a8a00000, 0x00000000a8b00000|  0%| F|  |TAMS 0x00000000a8a00000, 0x00000000a8a00000| Untracked 
| 139|0x00000000a8b00000, 0x00000000a8b00000, 0x00000000a8c00000|  0%| F|  |TAMS 0x00000000a8b00000, 0x00000000a8b00000| Untracked 
| 140|0x00000000a8c00000, 0x00000000a8c00000, 0x00000000a8d00000|  0%| F|  |TAMS 0x00000000a8c00000, 0x00000000a8c00000| Untracked 
| 141|0x00000000a8d00000, 0x00000000a8d00000, 0x00000000a8e00000|  0%| F|  |TAMS 0x00000000a8d00000, 0x00000000a8d00000| Untracked 
| 142|0x00000000a8e00000, 0x00000000a8e00000, 0x00000000a8f00000|  0%| F|  |TAMS 0x00000000a8e00000, 0x00000000a8e00000| Untracked 
| 143|0x00000000a8f00000, 0x00000000a8f00000, 0x00000000a9000000|  0%| F|  |TAMS 0x00000000a8f00000, 0x00000000a8f00000| Untracked 
| 144|0x00000000a9000000, 0x00000000a9000000, 0x00000000a9100000|  0%| F|  |TAMS 0x00000000a9000000, 0x00000000a9000000| Untracked 
| 145|0x00000000a9100000, 0x00000000a9100000, 0x00000000a9200000|  0%| F|  |TAMS 0x00000000a9100000, 0x00000000a9100000| Untracked 
| 146|0x00000000a9200000, 0x00000000a9200000, 0x00000000a9300000|  0%| F|  |TAMS 0x00000000a9200000, 0x00000000a9200000| Untracked 
| 147|0x00000000a9300000, 0x00000000a9300000, 0x00000000a9400000|  0%| F|  |TAMS 0x00000000a9300000, 0x00000000a9300000| Untracked 
| 148|0x00000000a9400000, 0x00000000a9400000, 0x00000000a9500000|  0%| F|  |TAMS 0x00000000a9400000, 0x00000000a9400000| Untracked 
| 149|0x00000000a9500000, 0x00000000a9500000, 0x00000000a9600000|  0%| F|  |TAMS 0x00000000a9500000, 0x00000000a9500000| Untracked 
| 150|0x00000000a9600000, 0x00000000a9600000, 0x00000000a9700000|  0%| F|  |TAMS 0x00000000a9600000, 0x00000000a9600000| Untracked 
| 151|0x00000000a9700000, 0x00000000a9700000, 0x00000000a9800000|  0%| F|  |TAMS 0x00000000a9700000, 0x00000000a9700000| Untracked 
| 152|0x00000000a9800000, 0x00000000a9800000, 0x00000000a9900000|  0%| F|  |TAMS 0x00000000a9800000, 0x00000000a9800000| Untracked 
| 153|0x00000000a9900000, 0x00000000a9900000, 0x00000000a9a00000|  0%| F|  |TAMS 0x00000000a9900000, 0x00000000a9900000| Untracked 
| 154|0x00000000a9a00000, 0x00000000a9a00000, 0x00000000a9b00000|  0%| F|  |TAMS 0x00000000a9a00000, 0x00000000a9a00000| Untracked 
| 155|0x00000000a9b00000, 0x00000000a9b00000, 0x00000000a9c00000|  0%| F|  |TAMS 0x00000000a9b00000, 0x00000000a9b00000| Untracked 
| 156|0x00000000a9c00000, 0x00000000a9c00000, 0x00000000a9d00000|  0%| F|  |TAMS 0x00000000a9c00000, 0x00000000a9c00000| Untracked 
| 157|0x00000000a9d00000, 0x00000000a9d00000, 0x00000000a9e00000|  0%| F|  |TAMS 0x00000000a9d00000, 0x00000000a9d00000| Untracked 
| 158|0x00000000a9e00000, 0x00000000a9e00000, 0x00000000a9f00000|  0%| F|  |TAMS 0x00000000a9e00000, 0x00000000a9e00000| Untracked 
| 159|0x00000000a9f00000, 0x00000000a9f00000, 0x00000000aa000000|  0%| F|  |TAMS 0x00000000a9f00000, 0x00000000a9f00000| Untracked 
| 160|0x00000000aa000000, 0x00000000aa000000, 0x00000000aa100000|  0%| F|  |TAMS 0x00000000aa000000, 0x00000000aa000000| Untracked 
| 161|0x00000000aa100000, 0x00000000aa100000, 0x00000000aa200000|  0%| F|  |TAMS 0x00000000aa100000, 0x00000000aa100000| Untracked 
| 162|0x00000000aa200000, 0x00000000aa200000, 0x00000000aa300000|  0%| F|  |TAMS 0x00000000aa200000, 0x00000000aa200000| Untracked 
| 163|0x00000000aa300000, 0x00000000aa340010, 0x00000000aa400000| 25%| E|CS|TAMS 0x00000000aa300000, 0x00000000aa340010| Complete 
| 164|0x00000000aa400000, 0x00000000aa500000, 0x00000000aa500000|100%| E|CS|TAMS 0x00000000aa400000, 0x00000000aa500000| Complete 
| 165|0x00000000aa500000, 0x00000000aa600000, 0x00000000aa600000|100%| E|CS|TAMS 0x00000000aa500000, 0x00000000aa600000| Complete 
| 166|0x00000000aa600000, 0x00000000aa700000, 0x00000000aa700000|100%| E|CS|TAMS 0x00000000aa600000, 0x00000000aa700000| Complete 
| 167|0x00000000aa700000, 0x00000000aa800000, 0x00000000aa800000|100%| E|CS|TAMS 0x00000000aa700000, 0x00000000aa800000| Complete 
| 168|0x00000000aa800000, 0x00000000aa900000, 0x00000000aa900000|100%| E|CS|TAMS 0x00000000aa800000, 0x00000000aa900000| Complete 
| 169|0x00000000aa900000, 0x00000000aaa00000, 0x00000000aaa00000|100%| E|CS|TAMS 0x00000000aa900000, 0x00000000aaa00000| Complete 
| 170|0x00000000aaa00000, 0x00000000aab00000, 0x00000000aab00000|100%| E|CS|TAMS 0x00000000aaa00000, 0x00000000aab00000| Complete 
| 171|0x00000000aab00000, 0x00000000aac00000, 0x00000000aac00000|100%| E|CS|TAMS 0x00000000aab00000, 0x00000000aac00000| Complete 
| 172|0x00000000aac00000, 0x00000000aad00000, 0x00000000aad00000|100%| E|CS|TAMS 0x00000000aac00000, 0x00000000aad00000| Complete 
| 173|0x00000000aad00000, 0x00000000aad00000, 0x00000000aae00000|  0%| F|  |TAMS 0x00000000aad00000, 0x00000000aad00000| Untracked 
| 174|0x00000000aae00000, 0x00000000aae00000, 0x00000000aaf00000|  0%| F|  |TAMS 0x00000000aae00000, 0x00000000aae00000| Untracked 
| 175|0x00000000aaf00000, 0x00000000aaf00000, 0x00000000ab000000|  0%| F|  |TAMS 0x00000000aaf00000, 0x00000000aaf00000| Untracked 
| 176|0x00000000ab000000, 0x00000000ab000000, 0x00000000ab100000|  0%| F|  |TAMS 0x00000000ab000000, 0x00000000ab000000| Untracked 
| 177|0x00000000ab100000, 0x00000000ab100000, 0x00000000ab200000|  0%| F|  |TAMS 0x00000000ab100000, 0x00000000ab100000| Untracked 
| 178|0x00000000ab200000, 0x00000000ab200000, 0x00000000ab300000|  0%| F|  |TAMS 0x00000000ab200000, 0x00000000ab200000| Untracked 
| 179|0x00000000ab300000, 0x00000000ab300000, 0x00000000ab400000|  0%| F|  |TAMS 0x00000000ab300000, 0x00000000ab300000| Untracked 
| 180|0x00000000ab400000, 0x00000000ab400000, 0x00000000ab500000|  0%| F|  |TAMS 0x00000000ab400000, 0x00000000ab400000| Untracked 
| 181|0x00000000ab500000, 0x00000000ab500000, 0x00000000ab600000|  0%| F|  |TAMS 0x00000000ab500000, 0x00000000ab500000| Untracked 
| 182|0x00000000ab600000, 0x00000000ab600000, 0x00000000ab700000|  0%| F|  |TAMS 0x00000000ab600000, 0x00000000ab600000| Untracked 
| 183|0x00000000ab700000, 0x00000000ab700000, 0x00000000ab800000|  0%| F|  |TAMS 0x00000000ab700000, 0x00000000ab700000| Untracked 
| 184|0x00000000ab800000, 0x00000000ab800000, 0x00000000ab900000|  0%| F|  |TAMS 0x00000000ab800000, 0x00000000ab800000| Untracked 
| 185|0x00000000ab900000, 0x00000000ab900000, 0x00000000aba00000|  0%| F|  |TAMS 0x00000000ab900000, 0x00000000ab900000| Untracked 
| 186|0x00000000aba00000, 0x00000000aba00000, 0x00000000abb00000|  0%| F|  |TAMS 0x00000000aba00000, 0x00000000aba00000| Untracked 
| 187|0x00000000abb00000, 0x00000000abb00000, 0x00000000abc00000|  0%| F|  |TAMS 0x00000000abb00000, 0x00000000abb00000| Untracked 
| 188|0x00000000abc00000, 0x00000000abc00000, 0x00000000abd00000|  0%| F|  |TAMS 0x00000000abc00000, 0x00000000abc00000| Untracked 
| 189|0x00000000abd00000, 0x00000000abd00000, 0x00000000abe00000|  0%| F|  |TAMS 0x00000000abd00000, 0x00000000abd00000| Untracked 
| 190|0x00000000abe00000, 0x00000000abe00000, 0x00000000abf00000|  0%| F|  |TAMS 0x00000000abe00000, 0x00000000abe00000| Untracked 
| 191|0x00000000abf00000, 0x00000000abf00000, 0x00000000ac000000|  0%| F|  |TAMS 0x00000000abf00000, 0x00000000abf00000| Untracked 
| 192|0x00000000ac000000, 0x00000000ac000000, 0x00000000ac100000|  0%| F|  |TAMS 0x00000000ac000000, 0x00000000ac000000| Untracked 
| 193|0x00000000ac100000, 0x00000000ac100000, 0x00000000ac200000|  0%| F|  |TAMS 0x00000000ac100000, 0x00000000ac100000| Untracked 
| 194|0x00000000ac200000, 0x00000000ac200000, 0x00000000ac300000|  0%| F|  |TAMS 0x00000000ac200000, 0x00000000ac200000| Untracked 
| 195|0x00000000ac300000, 0x00000000ac300000, 0x00000000ac400000|  0%| F|  |TAMS 0x00000000ac300000, 0x00000000ac300000| Untracked 
| 196|0x00000000ac400000, 0x00000000ac400000, 0x00000000ac500000|  0%| F|  |TAMS 0x00000000ac400000, 0x00000000ac400000| Untracked 
| 197|0x00000000ac500000, 0x00000000ac500000, 0x00000000ac600000|  0%| F|  |TAMS 0x00000000ac500000, 0x00000000ac500000| Untracked 
| 198|0x00000000ac600000, 0x00000000ac600000, 0x00000000ac700000|  0%| F|  |TAMS 0x00000000ac600000, 0x00000000ac600000| Untracked 
| 199|0x00000000ac700000, 0x00000000ac700000, 0x00000000ac800000|  0%| F|  |TAMS 0x00000000ac700000, 0x00000000ac700000| Untracked 
| 200|0x00000000ac800000, 0x00000000ac800000, 0x00000000ac900000|  0%| F|  |TAMS 0x00000000ac800000, 0x00000000ac800000| Untracked 
| 201|0x00000000ac900000, 0x00000000ac900000, 0x00000000aca00000|  0%| F|  |TAMS 0x00000000ac900000, 0x00000000ac900000| Untracked 
| 202|0x00000000aca00000, 0x00000000aca00000, 0x00000000acb00000|  0%| F|  |TAMS 0x00000000aca00000, 0x00000000aca00000| Untracked 
| 203|0x00000000acb00000, 0x00000000acb00000, 0x00000000acc00000|  0%| F|  |TAMS 0x00000000acb00000, 0x00000000acb00000| Untracked 
| 204|0x00000000acc00000, 0x00000000acc00000, 0x00000000acd00000|  0%| F|  |TAMS 0x00000000acc00000, 0x00000000acc00000| Untracked 
| 205|0x00000000acd00000, 0x00000000acd00000, 0x00000000ace00000|  0%| F|  |TAMS 0x00000000acd00000, 0x00000000acd00000| Untracked 
| 206|0x00000000ace00000, 0x00000000ace00000, 0x00000000acf00000|  0%| F|  |TAMS 0x00000000ace00000, 0x00000000ace00000| Untracked 
| 207|0x00000000acf00000, 0x00000000acf00000, 0x00000000ad000000|  0%| F|  |TAMS 0x00000000acf00000, 0x00000000acf00000| Untracked 
| 208|0x00000000ad000000, 0x00000000ad000000, 0x00000000ad100000|  0%| F|  |TAMS 0x00000000ad000000, 0x00000000ad000000| Untracked 
| 209|0x00000000ad100000, 0x00000000ad100000, 0x00000000ad200000|  0%| F|  |TAMS 0x00000000ad100000, 0x00000000ad100000| Untracked 
| 210|0x00000000ad200000, 0x00000000ad200000, 0x00000000ad300000|  0%| F|  |TAMS 0x00000000ad200000, 0x00000000ad200000| Untracked 
| 211|0x00000000ad300000, 0x00000000ad300000, 0x00000000ad400000|  0%| F|  |TAMS 0x00000000ad300000, 0x00000000ad300000| Untracked 
| 212|0x00000000ad400000, 0x00000000ad400000, 0x00000000ad500000|  0%| F|  |TAMS 0x00000000ad400000, 0x00000000ad400000| Untracked 
| 213|0x00000000ad500000, 0x00000000ad500000, 0x00000000ad600000|  0%| F|  |TAMS 0x00000000ad500000, 0x00000000ad500000| Untracked 
| 214|0x00000000ad600000, 0x00000000ad600000, 0x00000000ad700000|  0%| F|  |TAMS 0x00000000ad600000, 0x00000000ad600000| Untracked 
| 215|0x00000000ad700000, 0x00000000ad700000, 0x00000000ad800000|  0%| F|  |TAMS 0x00000000ad700000, 0x00000000ad700000| Untracked 
| 216|0x00000000ad800000, 0x00000000ad800000, 0x00000000ad900000|  0%| F|  |TAMS 0x00000000ad800000, 0x00000000ad800000| Untracked 
| 217|0x00000000ad900000, 0x00000000ad900000, 0x00000000ada00000|  0%| F|  |TAMS 0x00000000ad900000, 0x00000000ad900000| Untracked 
| 218|0x00000000ada00000, 0x00000000ada00000, 0x00000000adb00000|  0%| F|  |TAMS 0x00000000ada00000, 0x00000000ada00000| Untracked 
| 219|0x00000000adb00000, 0x00000000adb00000, 0x00000000adc00000|  0%| F|  |TAMS 0x00000000adb00000, 0x00000000adb00000| Untracked 
| 220|0x00000000adc00000, 0x00000000adc00000, 0x00000000add00000|  0%| F|  |TAMS 0x00000000adc00000, 0x00000000adc00000| Untracked 
| 221|0x00000000add00000, 0x00000000add00000, 0x00000000ade00000|  0%| F|  |TAMS 0x00000000add00000, 0x00000000add00000| Untracked 
| 222|0x00000000ade00000, 0x00000000ade41d00, 0x00000000adf00000| 25%| S|  |TAMS 0x00000000ade00000, 0x00000000ade00000| Complete 
| 223|0x00000000adf00000, 0x00000000ae000000, 0x00000000ae000000|100%| S|  |TAMS 0x00000000adf00000, 0x00000000adf00000| Complete 
| 224|0x00000000ae000000, 0x00000000ae100000, 0x00000000ae100000|100%| S|  |TAMS 0x00000000ae000000, 0x00000000ae000000| Complete 
| 225|0x00000000ae100000, 0x00000000ae200000, 0x00000000ae200000|100%| S|  |TAMS 0x00000000ae100000, 0x00000000ae100000| Complete 
| 226|0x00000000ae200000, 0x00000000ae300000, 0x00000000ae300000|100%| S|  |TAMS 0x00000000ae200000, 0x00000000ae200000| Complete 
| 227|0x00000000ae300000, 0x00000000ae400000, 0x00000000ae400000|100%| S|  |TAMS 0x00000000ae300000, 0x00000000ae300000| Complete 
| 228|0x00000000ae400000, 0x00000000ae500000, 0x00000000ae500000|100%| S|  |TAMS 0x00000000ae400000, 0x00000000ae400000| Complete 
| 229|0x00000000ae500000, 0x00000000ae600000, 0x00000000ae600000|100%| S|  |TAMS 0x00000000ae500000, 0x00000000ae500000| Complete 
| 230|0x00000000ae600000, 0x00000000ae700000, 0x00000000ae700000|100%| S|  |TAMS 0x00000000ae600000, 0x00000000ae600000| Complete 
| 231|0x00000000ae700000, 0x00000000ae800000, 0x00000000ae800000|100%| E|CS|TAMS 0x00000000ae700000, 0x00000000ae800000| Complete 
| 232|0x00000000ae800000, 0x00000000ae900000, 0x00000000ae900000|100%| E|CS|TAMS 0x00000000ae800000, 0x00000000ae900000| Complete 
| 233|0x00000000ae900000, 0x00000000aea00000, 0x00000000aea00000|100%| E|CS|TAMS 0x00000000ae900000, 0x00000000aea00000| Complete 
| 234|0x00000000aea00000, 0x00000000aeb00000, 0x00000000aeb00000|100%| E|CS|TAMS 0x00000000aea00000, 0x00000000aeb00000| Complete 
| 235|0x00000000aeb00000, 0x00000000aec00000, 0x00000000aec00000|100%| E|CS|TAMS 0x00000000aeb00000, 0x00000000aec00000| Complete 
| 236|0x00000000aec00000, 0x00000000aed00000, 0x00000000aed00000|100%| E|CS|TAMS 0x00000000aec00000, 0x00000000aed00000| Complete 
| 237|0x00000000aed00000, 0x00000000aee00000, 0x00000000aee00000|100%| E|CS|TAMS 0x00000000aed00000, 0x00000000aee00000| Complete 
| 238|0x00000000aee00000, 0x00000000aef00000, 0x00000000aef00000|100%| E|CS|TAMS 0x00000000aee00000, 0x00000000aef00000| Complete 
| 239|0x00000000aef00000, 0x00000000af000000, 0x00000000af000000|100%| E|CS|TAMS 0x00000000aef00000, 0x00000000af000000| Complete 
| 240|0x00000000af000000, 0x00000000af100000, 0x00000000af100000|100%| E|CS|TAMS 0x00000000af000000, 0x00000000af100000| Complete 
| 241|0x00000000af100000, 0x00000000af200000, 0x00000000af200000|100%| E|CS|TAMS 0x00000000af100000, 0x00000000af200000| Complete 
| 242|0x00000000af200000, 0x00000000af300000, 0x00000000af300000|100%| E|CS|TAMS 0x00000000af200000, 0x00000000af300000| Complete 
| 243|0x00000000af300000, 0x00000000af400000, 0x00000000af400000|100%| E|CS|TAMS 0x00000000af300000, 0x00000000af400000| Complete 
| 244|0x00000000af400000, 0x00000000af500000, 0x00000000af500000|100%| E|CS|TAMS 0x00000000af400000, 0x00000000af500000| Complete 
| 245|0x00000000af500000, 0x00000000af600000, 0x00000000af600000|100%| E|CS|TAMS 0x00000000af500000, 0x00000000af600000| Complete 
| 246|0x00000000af600000, 0x00000000af700000, 0x00000000af700000|100%| E|CS|TAMS 0x00000000af600000, 0x00000000af700000| Complete 
| 247|0x00000000af700000, 0x00000000af800000, 0x00000000af800000|100%| E|CS|TAMS 0x00000000af700000, 0x00000000af800000| Complete 
| 248|0x00000000af800000, 0x00000000af900000, 0x00000000af900000|100%| E|CS|TAMS 0x00000000af800000, 0x00000000af900000| Complete 
| 249|0x00000000af900000, 0x00000000afa00000, 0x00000000afa00000|100%| E|CS|TAMS 0x00000000af900000, 0x00000000afa00000| Complete 
| 250|0x00000000afa00000, 0x00000000afb00000, 0x00000000afb00000|100%| E|CS|TAMS 0x00000000afa00000, 0x00000000afb00000| Complete 
| 251|0x00000000afb00000, 0x00000000afc00000, 0x00000000afc00000|100%| E|CS|TAMS 0x00000000afb00000, 0x00000000afc00000| Complete 
| 252|0x00000000afc00000, 0x00000000afd00000, 0x00000000afd00000|100%| E|CS|TAMS 0x00000000afc00000, 0x00000000afd00000| Complete 
| 253|0x00000000afd00000, 0x00000000afe00000, 0x00000000afe00000|100%| E|CS|TAMS 0x00000000afd00000, 0x00000000afe00000| Complete 

Card table byte_map: [0x0000023a5eda0000,0x0000023a5f0a0000] _byte_map_base: 0x0000023a5e8a0000

Marking Bits (Prev, Next): (CMBitMap*) 0x0000023a4518c468, (CMBitMap*) 0x0000023a4518c4a0
 Prev Bits: [0x0000023a5f3a0000, 0x0000023a60ba0000)
 Next Bits: [0x0000023a60ba0000, 0x0000023a623a0000)

Polling page: 0x0000023a45240000

Metaspace:

Usage:
  Non-class:     49.83 MB capacity,    48.60 MB ( 98%) used,   968.36 KB (  2%) free+waste,   292.06 KB ( <1%) overhead. 
      Class:      9.41 MB capacity,     7.90 MB ( 84%) used,     1.33 MB ( 14%) free+waste,   188.25 KB (  2%) overhead. 
       Both:     59.25 MB capacity,    56.50 MB ( 95%) used,     2.28 MB (  4%) free+waste,   480.31 KB ( <1%) overhead. 

Virtual space:
  Non-class space:       50.00 MB reserved,      49.88 MB (>99%) committed 
      Class space:        1.00 GB reserved,       9.50 MB ( <1%) committed 
             Both:        1.05 GB reserved,      59.38 MB (  6%) committed 

Chunk freelists:
   Non-Class:  5.13 KB
       Class:  0 bytes
        Both:  5.13 KB

CodeHeap 'non-profiled nmethods': size=120000Kb used=1194Kb max_used=1194Kb free=118805Kb
 bounds [0x0000023a568f0000, 0x0000023a56b60000, 0x0000023a5de20000]
CodeHeap 'profiled nmethods': size=120000Kb used=5846Kb max_used=5846Kb free=114153Kb
 bounds [0x0000023a4f3c0000, 0x0000023a4f980000, 0x0000023a568f0000]
CodeHeap 'non-nmethods': size=5760Kb used=1255Kb max_used=1287Kb free=4504Kb
 bounds [0x0000023a4ee20000, 0x0000023a4f090000, 0x0000023a4f3c0000]
 total_blobs=3935 nmethods=3346 adapters=500
 compilation: enabled
              stopped_count=0, restarted_count=0
 full_count=0

Compilation events (10 events):
Event: 2.274 Thread 0x0000023a65966000 nmethod 3360 0x0000023a4f971410 code [0x0000023a4f9715a0, 0x0000023a4f971738]
Event: 2.276 Thread 0x0000023a65966000 3361       1       scala.collection.mutable.HashSet::table (5 bytes)
Event: 2.276 Thread 0x0000023a6595c000 nmethod 3348 0x0000023a56a19210 code [0x0000023a56a193c0, 0x0000023a56a19cd8]
Event: 2.276 Thread 0x0000023a65966000 nmethod 3361 0x0000023a56a1a110 code [0x0000023a56a1a2a0, 0x0000023a56a1a358]
Event: 2.276 Thread 0x0000023a6595c000 3358       4       java.io.BufferedInputStream::getBufIfOpen (21 bytes)
Event: 2.277 Thread 0x0000023a6595c000 nmethod 3358 0x0000023a56a1a410 code [0x0000023a56a1a5a0, 0x0000023a56a1a618]
Event: 2.277 Thread 0x0000023a6595c000 3362       4       scala.collection.mutable.DefaultEntry::next_$eq (9 bytes)
Event: 2.278 Thread 0x0000023a6595c000 nmethod 3362 0x0000023a56a1a690 code [0x0000023a56a1a820, 0x0000023a56a1a978]
Event: 2.281 Thread 0x0000023a65966000 3363 %     3       java.util.Properties$LineReader::readLine @ 224 (584 bytes)
Event: 2.284 Thread 0x0000023a65966000 nmethod 3363% 0x0000023a4f971810 code [0x0000023a4f971c00, 0x0000023a4f974c78]

GC Heap History (9 events):
Event: 0.530 GC heap before
{Heap before GC invocations=0 (full 0):
 garbage-first heap   total 260096K, used 23552K [0x00000000a0000000, 0x0000000100000000)
  region size 1024K, 24 young (24576K), 0 survivors (0K)
 Metaspace       used 12265K, capacity 12591K, committed 12800K, reserved 1060864K
  class space    used 1192K, capacity 1263K, committed 1280K, reserved 1048576K
}
Event: 0.533 GC heap after
{Heap after GC invocations=1 (full 0):
 garbage-first heap   total 260096K, used 3812K [0x00000000a0000000, 0x0000000100000000)
  region size 1024K, 3 young (3072K), 3 survivors (3072K)
 Metaspace       used 12265K, capacity 12591K, committed 12800K, reserved 1060864K
  class space    used 1192K, capacity 1263K, committed 1280K, reserved 1048576K
}
Event: 0.884 GC heap before
{Heap before GC invocations=1 (full 0):
 garbage-first heap   total 260096K, used 45796K [0x00000000a0000000, 0x0000000100000000)
  region size 1024K, 46 young (47104K), 3 survivors (3072K)
 Metaspace       used 20621K, capacity 21169K, committed 21248K, reserved 1069056K
  class space    used 2323K, capacity 2492K, committed 2560K, reserved 1048576K
}
Event: 0.887 GC heap after
{Heap after GC invocations=2 (full 0):
 garbage-first heap   total 260096K, used 7823K [0x00000000a0000000, 0x0000000100000000)
  region size 1024K, 7 young (7168K), 7 survivors (7168K)
 Metaspace       used 20621K, capacity 21169K, committed 21248K, reserved 1069056K
  class space    used 2323K, capacity 2492K, committed 2560K, reserved 1048576K
}
Event: 1.264 GC heap before
{Heap before GC invocations=3 (full 0):
 garbage-first heap   total 260096K, used 60047K [0x00000000a0000000, 0x0000000100000000)
  region size 1024K, 60 young (61440K), 7 survivors (7168K)
 Metaspace       used 34959K, capacity 36159K, committed 36480K, reserved 1081344K
  class space    used 4363K, capacity 4921K, committed 4992K, reserved 1048576K
}
Event: 1.269 GC heap after
{Heap after GC invocations=4 (full 0):
 garbage-first heap   total 260096K, used 9686K [0x00000000a0000000, 0x0000000100000000)
  region size 1024K, 9 young (9216K), 9 survivors (9216K)
 Metaspace       used 34959K, capacity 36159K, committed 36480K, reserved 1081344K
  class space    used 4363K, capacity 4921K, committed 4992K, reserved 1048576K
}
Event: 1.989 GC heap before
{Heap before GC invocations=5 (full 0):
 garbage-first heap   total 260096K, used 83414K [0x00000000a0000000, 0x0000000100000000)
  region size 1024K, 81 young (82944K), 9 survivors (9216K)
 Metaspace       used 52984K, capacity 55599K, committed 55808K, reserved 1095680K
  class space    used 7486K, capacity 8933K, committed 8960K, reserved 1048576K
}
Event: 2.001 GC heap after
{Heap after GC invocations=6 (full 0):
 garbage-first heap   total 260096K, used 16917K [0x00000000a0000000, 0x0000000100000000)
  region size 1024K, 10 young (10240K), 10 survivors (10240K)
 Metaspace       used 52984K, capacity 55599K, committed 55808K, reserved 1095680K
  class space    used 7486K, capacity 8933K, committed 8960K, reserved 1048576K
}
Event: 2.287 GC heap before
{Heap before GC invocations=6 (full 0):
 garbage-first heap   total 260096K, used 39445K [0x00000000a0000000, 0x0000000100000000)
  region size 1024K, 33 young (33792K), 10 survivors (10240K)
 Metaspace       used 57858K, capacity 60669K, committed 60800K, reserved 1099776K
  class space    used 8087K, capacity 9638K, committed 9728K, reserved 1048576K
}

Deoptimization events (10 events):
Event: 1.623 Thread 0x0000023a66f09000 Uncommon trap: reason=class_check action=maybe_recompile pc=0x0000023a56996d2c method=java.lang.invoke.MemberName.getMethodType()Ljava/lang/invoke/MethodType; @ 39 c2
Event: 1.623 Thread 0x0000023a66f09000 Uncommon trap: reason=class_check action=maybe_recompile pc=0x0000023a56996d2c method=java.lang.invoke.MemberName.getMethodType()Ljava/lang/invoke/MethodType; @ 39 c2
Event: 1.741 Thread 0x0000023a45158800 Uncommon trap: reason=unstable_if action=reinterpret pc=0x0000023a5697e258 method=java.lang.StringLatin1.regionMatchesCI([BI[BII)Z @ 66 c2
Event: 1.741 Thread 0x0000023a45158800 Uncommon trap: reason=unstable_if action=reinterpret pc=0x0000023a5697d140 method=java.lang.StringLatin1.regionMatchesCI([BI[BII)Z @ 66 c2
Event: 1.834 Thread 0x0000023a66f09000 Uncommon trap: reason=unstable_if action=reinterpret pc=0x0000023a569ad914 method=jdk.internal.jrtfs.JrtPath.normalize(Ljava/lang/String;)Ljava/lang/String; @ 78 c2
Event: 1.987 Thread 0x0000023a66f09000 Uncommon trap: reason=unstable_if action=reinterpret pc=0x0000023a569801f4 method=jdk.internal.org.objectweb.asm.Type.getArgumentsAndReturnSizes(Ljava/lang/String;)I @ 136 c2
Event: 1.987 Thread 0x0000023a66f09000 Uncommon trap: reason=unstable_if action=reinterpret pc=0x0000023a569c574c method=jdk.internal.org.objectweb.asm.MethodWriter.visitVarInsn(II)V @ 130 c2
Event: 1.987 Thread 0x0000023a66f09000 Uncommon trap: reason=unstable_if action=reinterpret pc=0x0000023a56995494 method=jdk.internal.org.objectweb.asm.Type.getType([CI)Ljdk/internal/org/objectweb/asm/Type; @ 3 c2
Event: 2.002 Thread 0x0000023a65954800 Uncommon trap: reason=unstable_if action=reinterpret pc=0x0000023a569a85fc method=java.util.concurrent.ConcurrentHashMap.addCount(JI)V @ 34 c2
Event: 2.003 Thread 0x0000023a65954800 Uncommon trap: reason=unstable_if action=reinterpret pc=0x0000023a569d9ee8 method=java.util.concurrent.ConcurrentHashMap.addCount(JI)V @ 7 c2

Classes redefined (0 events):
No events

Internal exceptions (10 events):
Event: 2.003 Thread 0x0000023a66f09000 Exception <a 'java/lang/NoSuchMethodError'{0x00000000afc07ca0}: java.lang.invoke.DirectMethodHandle$Holder.invokeStatic(Ljava/lang/Object;J)J> (0x00000000afc07ca0) thrown at [./open/src/hotspot/share/interpreter/linkResolver.cpp, line 772]
Event: 2.011 Thread 0x0000023a66f09000 Exception <a 'java/lang/NoSuchMethodError'{0x00000000afc27518}: java.lang.invoke.DirectMethodHandle$Holder.invokeStatic(Ljava/lang/Object;JLjava/lang/Object;)Ljava/lang/Object;> (0x00000000afc27518) thrown at [./open/src/hotspot/share/interpreter/linkReso
Event: 2.012 Thread 0x0000023a66f09000 Exception <a 'java/lang/NoSuchMethodError'{0x00000000afc2ead0}: java.lang.invoke.DirectMethodHandle$Holder.invokeStatic(Ljava/lang/Object;J)Ljava/lang/Object;> (0x00000000afc2ead0) thrown at [./open/src/hotspot/share/interpreter/linkResolver.cpp, line 772
Event: 2.024 Thread 0x0000023a45158800 Exception <a 'java/lang/NoSuchMethodError'{0x00000000afb16100}: java.lang.invoke.DirectMethodHandle$Holder.invokeStatic(Ljava/lang/Object;IILjava/lang/Object;)Ljava/lang/Object;> (0x00000000afb16100) thrown at [./open/src/hotspot/share/interpreter/linkRes
Event: 2.057 Thread 0x0000023a65954800 Exception <a 'java/lang/NoSuchMethodError'{0x00000000af990e48}: java.lang.invoke.DirectMethodHandle$Holder.invokeStatic(Ljava/lang/Object;)D> (0x00000000af990e48) thrown at [./open/src/hotspot/share/interpreter/linkResolver.cpp, line 772]
Event: 2.127 Thread 0x0000023a45158800 Exception <a 'sun/nio/fs/WindowsException'{0x00000000af6561a8}> (0x00000000af6561a8) thrown at [./open/src/hotspot/share/prims/jni.cpp, line 611]
Event: 2.162 Thread 0x0000023a45158800 Exception <a 'sun/nio/fs/WindowsException'{0x00000000af4ba3e8}> (0x00000000af4ba3e8) thrown at [./open/src/hotspot/share/prims/jni.cpp, line 611]
Event: 2.168 Thread 0x0000023a45158800 Exception <a 'sun/nio/fs/WindowsException'{0x00000000af2034c8}> (0x00000000af2034c8) thrown at [./open/src/hotspot/share/prims/jni.cpp, line 611]
Event: 2.185 Thread 0x0000023a45158800 Exception <a 'java/lang/NoSuchMethodError'{0x00000000af2c7f80}: java.lang.invoke.Invokers$Holder.linkToTargetMethod(Ljava/lang/Object;Ljava/lang/Object;Ljava/lang/Object;ILjava/lang/Object;Ljava/lang/Object;)Ljava/lang/Object;> (0x00000000af2c7f80) thrown
Event: 2.274 Thread 0x0000023a45158800 Exception <a 'java/lang/NoSuchMethodError'{0x00000000ae897808}: java.lang.invoke.DirectMethodHandle$Holder.invokeStaticInit(Ljava/lang/Object;Ljava/lang/Object;Ljava/lang/Object;)I> (0x00000000ae897808) thrown at [./open/src/hotspot/share/interpreter/link

Events (10 events):
Event: 2.286 loading class okhttp3/Response done
Event: 2.286 loading class okhttp3/Request
Event: 2.286 loading class okhttp3/Request done
Event: 2.287 loading class okhttp3/Route
Event: 2.287 loading class okhttp3/Route done
Event: 2.287 loading class okhttp3/Authenticator
Event: 2.287 loading class okhttp3/Authenticator done
Event: 2.287 Executing VM operation: CollectForMetadataAllocation
Event: 2.287 loading class okhttp3/ConnectionPool
Event: 2.287 loading class okhttp3/ConnectionPool done


Dynamic libraries:
0x00007ff6c59c0000 - 0x00007ff6c59cf000 	C:\Program Files\Java\jdk-11.0.12\bin\java.exe
0x00007ff8f61d0000 - 0x00007ff8f63c5000 	C:\WINDOWS\SYSTEM32\ntdll.dll
0x00007ff8f5ef0000 - 0x00007ff8f5fae000 	C:\WINDOWS\System32\KERNEL32.DLL
0x00007ff8f38f0000 - 0x00007ff8f3bb9000 	C:\WINDOWS\System32\KERNELBASE.dll
0x00007ff8f3f00000 - 0x00007ff8f4000000 	C:\WINDOWS\System32\ucrtbase.dll
0x00007ff8e8860000 - 0x00007ff8e8875000 	C:\Program Files\Java\jdk-11.0.12\bin\VCRUNTIME140.dll
0x00007ff8e8830000 - 0x00007ff8e8848000 	C:\Program Files\Java\jdk-11.0.12\bin\jli.dll
0x00007ff8f45d0000 - 0x00007ff8f467c000 	C:\WINDOWS\System32\ADVAPI32.dll
0x00007ff8f60f0000 - 0x00007ff8f618e000 	C:\WINDOWS\System32\msvcrt.dll
0x00007ff8f4830000 - 0x00007ff8f48cb000 	C:\WINDOWS\System32\sechost.dll
0x00007ff8f4c30000 - 0x00007ff8f4d5a000 	C:\WINDOWS\System32\RPCRT4.dll
0x00007ff8f4680000 - 0x00007ff8f4821000 	C:\WINDOWS\System32\USER32.dll
0x00007ff8f3bc0000 - 0x00007ff8f3be2000 	C:\WINDOWS\System32\win32u.dll
0x00007ff8f2c90000 - 0x00007ff8f2f2a000 	C:\WINDOWS\WinSxS\amd64_microsoft.windows.common-controls_6595b64144ccf1df_6.0.19041.1110_none_60b5254171f9507e\COMCTL32.dll
0x00007ff8f4d60000 - 0x00007ff8f4d8b000 	C:\WINDOWS\System32\GDI32.dll
0x00007ff8f3df0000 - 0x00007ff8f3efb000 	C:\WINDOWS\System32\gdi32full.dll
0x00007ff8f3bf0000 - 0x00007ff8f3c8d000 	C:\WINDOWS\System32\msvcp_win.dll
0x00007ff8ebaa0000 - 0x00007ff8ebaaa000 	C:\WINDOWS\SYSTEM32\VERSION.dll
0x00007ff8f44f0000 - 0x00007ff8f4520000 	C:\WINDOWS\System32\IMM32.DLL
0x00007ff8e5d50000 - 0x00007ff8e5deb000 	C:\Program Files\Java\jdk-11.0.12\bin\msvcp140.dll
0x00007ff87b3f0000 - 0x00007ff87beef000 	C:\Program Files\Java\jdk-11.0.12\bin\server\jvm.dll
0x00007ff8f5b50000 - 0x00007ff8f5b58000 	C:\WINDOWS\System32\PSAPI.DLL
0x00007ff8e8e90000 - 0x00007ff8e8e99000 	C:\WINDOWS\SYSTEM32\WSOCK32.dll
0x00007ff8e6820000 - 0x00007ff8e6847000 	C:\WINDOWS\SYSTEM32\WINMM.dll
0x00007ff8f59f0000 - 0x00007ff8f5a5b000 	C:\WINDOWS\System32\WS2_32.dll
0x00007ff8f1470000 - 0x00007ff8f1482000 	C:\WINDOWS\SYSTEM32\kernel.appcore.dll
0x00007ff8ec200000 - 0x00007ff8ec210000 	C:\Program Files\Java\jdk-11.0.12\bin\verify.dll
0x00007ff8f3270000 - 0x00007ff8f3454000 	C:\WINDOWS\SYSTEM32\DBGHELP.DLL
0x00007ff8f30a0000 - 0x00007ff8f30cc000 	C:\WINDOWS\SYSTEM32\dbgcore.DLL
0x00007ff8f4130000 - 0x00007ff8f41b3000 	C:\WINDOWS\System32\bcryptPrimitives.dll
0x00007ff8e76d0000 - 0x00007ff8e76f8000 	C:\Program Files\Java\jdk-11.0.12\bin\java.dll
0x00007ff8e8950000 - 0x00007ff8e895a000 	C:\Program Files\Java\jdk-11.0.12\bin\jimage.dll
0x00007ff8e75d0000 - 0x00007ff8e75e6000 	C:\Program Files\Java\jdk-11.0.12\bin\zip.dll
0x00007ff8f4d90000 - 0x00007ff8f54cf000 	C:\WINDOWS\System32\SHELL32.dll
0x00007ff8f0c10000 - 0x00007ff8f13a0000 	C:\WINDOWS\SYSTEM32\windows.storage.dll
0x00007ff8f48d0000 - 0x00007ff8f4c25000 	C:\WINDOWS\System32\combase.dll
0x00007ff8f2bf0000 - 0x00007ff8f2c1c000 	C:\WINDOWS\SYSTEM32\Wldp.dll
0x00007ff8f5b70000 - 0x00007ff8f5c1d000 	C:\WINDOWS\System32\SHCORE.dll
0x00007ff8f5d60000 - 0x00007ff8f5db5000 	C:\WINDOWS\System32\shlwapi.dll
0x00007ff8f3830000 - 0x00007ff8f384f000 	C:\WINDOWS\SYSTEM32\profapi.dll
0x00007ff8e7510000 - 0x00007ff8e7529000 	C:\Program Files\Java\jdk-11.0.12\bin\net.dll
0x00007ff8ecf40000 - 0x00007ff8ed048000 	C:\WINDOWS\SYSTEM32\WINHTTP.dll
0x00007ff8f28e0000 - 0x00007ff8f294a000 	C:\WINDOWS\system32\mswsock.dll
0x00007ff8e74f0000 - 0x00007ff8e7502000 	C:\Program Files\Java\jdk-11.0.12\bin\nio.dll
0x00007ff8f3600000 - 0x00007ff8f3618000 	C:\WINDOWS\SYSTEM32\CRYPTSP.dll
0x00007ff8f22f0000 - 0x00007ff8f2324000 	C:\WINDOWS\system32\rsaenh.dll
0x00007ff8f4050000 - 0x00007ff8f4077000 	C:\WINDOWS\System32\bcrypt.dll
0x00007ff8f37f0000 - 0x00007ff8f381e000 	C:\WINDOWS\SYSTEM32\USERENV.dll
0x00007ff8f2b10000 - 0x00007ff8f2b1c000 	C:\WINDOWS\SYSTEM32\CRYPTBASE.dll
0x00007ff8f2610000 - 0x00007ff8f264b000 	C:\WINDOWS\SYSTEM32\IPHLPAPI.DLL
0x00007ff8f5b60000 - 0x00007ff8f5b68000 	C:\WINDOWS\System32\NSI.dll
0x00007ff8ea490000 - 0x00007ff8ea4a7000 	C:\WINDOWS\SYSTEM32\dhcpcsvc6.DLL
0x00007ff8eaf50000 - 0x00007ff8eaf6d000 	C:\WINDOWS\SYSTEM32\dhcpcsvc.DLL
0x00007ff8f2650000 - 0x00007ff8f271c000 	C:\WINDOWS\SYSTEM32\DNSAPI.dll
0x00007ff8e5c70000 - 0x00007ff8e5cb1000 	C:\Users\water\AppData\Local\Temp\jna-112903447\jna5049103434089001716.dll
0x0000000069ac0000 - 0x0000000069b1b000 	C:\Users\water\AppData\Local\Temp\jansi-2.1.0-57f7d9c8cdb6c8-jansi.dll
0x00007ff8e88c0000 - 0x00007ff8e88c9000 	C:\Program Files\Java\jdk-11.0.12\bin\management.dll
0x00007ff8e8080000 - 0x00007ff8e808b000 	C:\Program Files\Java\jdk-11.0.12\bin\management_ext.dll

dbghelp: loaded successfully - version: 4.0.5 - missing functions: none
symbol engine: initialized successfully - sym options: 0x614 - pdb path: .;C:\Program Files\Java\jdk-11.0.12\bin;C:\WINDOWS\SYSTEM32;C:\WINDOWS\WinSxS\amd64_microsoft.windows.common-controls_6595b64144ccf1df_6.0.19041.1110_none_60b5254171f9507e;C:\Program Files\Java\jdk-11.0.12\bin\server;C:\Users\water\AppData\Local\Temp\jna-112903447;C:\Users\water\AppData\Local\Temp

VM Arguments:
jvm_args: -Xmx1536M -Dsbt.supershell=false -Didea.managed=true -Dfile.encoding=UTF-8 -Didea.installation.dir=E:\IntelliJ IDEA 2021.2.1 -Dsbt.log.noformat=true 
java_command: C:\Users\water\AppData\Roaming\JetBrains\IntelliJIdea2021.2\plugins\Scala\launcher\sbt-launch.jar early(addPluginSbtFile="""C:\Users\water\AppData\Local\Temp\idea8.sbt""") ; set ideaPort in Global := 57682 ; idea-shell
java_class_path (initial): C:\Users\water\AppData\Roaming\JetBrains\IntelliJIdea2021.2\plugins\Scala\launcher\sbt-launch.jar
Launcher Type: SUN_STANDARD

[Global flags]
     intx CICompilerCount                          = 4                                         {product} {ergonomic}
     uint ConcGCThreads                            = 3                                         {product} {ergonomic}
     uint G1ConcRefinementThreads                  = 10                                        {product} {ergonomic}
   size_t G1HeapRegionSize                         = 1048576                                   {product} {ergonomic}
    uintx GCDrainStackTargetSize                   = 64                                        {product} {ergonomic}
   size_t InitialHeapSize                          = 266338304                                 {product} {ergonomic}
   size_t MarkStackSize                            = 4194304                                   {product} {ergonomic}
   size_t MaxHeapSize                              = 1610612736                                {product} {command line}
   size_t MaxNewSize                               = 965738496                                 {product} {ergonomic}
   size_t MinHeapDeltaBytes                        = 1048576                                   {product} {ergonomic}
    uintx NonNMethodCodeHeapSize                   = 5836300                                {pd product} {ergonomic}
    uintx NonProfiledCodeHeapSize                  = 122910970                              {pd product} {ergonomic}
    uintx ProfiledCodeHeapSize                     = 122910970                              {pd product} {ergonomic}
    uintx ReservedCodeCacheSize                    = 251658240                              {pd product} {ergonomic}
     bool SegmentedCodeCache                       = true                                      {product} {ergonomic}
     bool UseCompressedClassPointers               = true                                 {lp64_product} {ergonomic}
     bool UseCompressedOops                        = true                                 {lp64_product} {ergonomic}
     bool UseG1GC                                  = true                                      {product} {ergonomic}
     bool UseLargePagesIndividualAllocation        = false                                  {pd product} {ergonomic}

Logging:
Log output configuration:
 #0: stdout all=warning uptime,level,tags
 #1: stderr all=off uptime,level,tags

Environment Variables:
JAVA_HOME=C:\Program Files\Java\jdk-11.0.12
PATH=C:\Windows\system32;C:\Windows;C:\Windows\System32\Wbem;C:\Windows\System32\WindowsPowerShell\v1.0\;C:\Windows\System32\OpenSSH\;C:\Program Files\NVIDIA Corporation\NVIDIA NvDLISR;C:\Program Files (x86)\NVIDIA Corporation\PhysX\Common;C:\Program Files\dotnet\;D:\Tools\sqlite-tools-win32-x86-3290000;C:\Program Files\Gradle\gradle-5.5.1-bin\gradle-5.5.1\bin;C:\WINDOWS\system32;C:\WINDOWS;C:\WINDOWS\System32\Wbem;C:\WINDOWS\System32\WindowsPowerShell\v1.0\;C:\WINDOWS\System32\OpenSSH\;C:\Program Files\Microsoft SQL Server\130\Tools\Binn\;C:\Program Files\Microsoft SQL Server\Client SDK\ODBC\170\Tools\Binn\;C:\Program Files\Git\cmd;C:\Program Files\Java\jdk-11.0.12\bin;C:\Users\water\AppData\Local\Microsoft\WindowsApps;D:\Tools\sqlite-tools-win32-x86-3290000;C:\Program Files\Gradle\gradle-5.5.1-bin\gradle-5.5.1\bin;C:\Users\water\.dotnet\tools;E:\Microsoft VS Code\bin
USERNAME=water
OS=Windows_NT
PROCESSOR_IDENTIFIER=Intel64 Family 6 Model 158 Stepping 10, GenuineIntel



---------------  S Y S T E M  ---------------

OS: Windows 10 , 64 bit Build 19041 (10.0.19041.1202)

CPU:total 12 (initial active 12) (6 cores per cpu, 2 threads per core) family 6 model 158 stepping 10 microcode 0xb4, cmov, cx8, fxsr, mmx, sse, sse2, sse3, ssse3, sse4.1, sse4.2, popcnt, avx, avx2, aes, clmul, erms, 3dnowpref, lzcnt, ht, tsc, tscinvbit, bmi1, bmi2, adx, fma

Memory: 4k page, system-wide physical 16227M (8021M free)
TotalPageFile size 19555M (AvailPageFile size 5999M)
current process WorkingSet (physical memory assigned to process): 286M, peak: 286M
current process commit charge ("private bytes"): 488M, peak: 488M

vm_info: Java HotSpot(TM) 64-Bit Server VM (11.0.12+8-LTS-237) for windows-amd64 JRE (11.0.12+8-LTS-237), built on Jun  8 2021 11:25:59 by "mach5one" with MS VC++ 15.9 (VS2017)

END.
